# JRE version: OpenJDK Runtime Environment (8.0_242-b01) (build 1.8.0_242-release-1644-b01)
# Java VM: OpenJDK 64-Bit Server VM (25.242-b01 mixed mode windows-amd64 compressed oops)
Heap:
 PSYoungGen      total 129536K, used 5346K [0x00000000f5580000, 0x0000000100000000, 0x0000000100000000)
  eden space 84480K, 0% used [0x00000000f5580000,0x00000000f5580000,0x00000000fa800000)
  from space 45056K, 11% used [0x00000000fa800000,0x00000000fad38970,0x00000000fd400000)
  to   space 44544K, 0% used [0x00000000fd480000,0x00000000fd480000,0x0000000100000000)
 ParOldGen       total 349696K, used 318132K [0x00000000e0000000, 0x00000000f5580000, 0x00000000f5580000)
  object space 349696K, 90% used [0x00000000e0000000,0x00000000f36ad0a8,0x00000000f5580000)
 Metaspace       used 149256K, capacity 158977K, committed 159256K, reserved 1189888K
  class space    used 18096K, capacity 19692K, committed 19752K, reserved 1048576K
GC Heap History (10 events):
Event: 19594.690 GC heap after
Heap after GC invocations=314 (full 14):
 PSYoungGen      total 128512K, used 21756K [0x00000000f5580000, 0x00000000ffe00000, 0x0000000100000000)
  eden space 88064K, 0% used [0x00000000f5580000,0x00000000f5580000,0x00000000fab80000)
  from space 40448K, 53% used [0x00000000fab80000,0x00000000fc0bf0e8,0x00000000fd300000)
  to   space 40448K, 0% used [0x00000000fd680000,0x00000000fd680000,0x00000000ffe00000)
 ParOldGen       total 349696K, used 263057K [0x00000000e0000000, 0x00000000f5580000, 0x00000000f5580000)
  object space 349696K, 75% used [0x00000000e0000000,0x00000000f00e45e8,0x00000000f5580000)
 Metaspace       used 149109K, capacity 158733K, committed 159000K, reserved 1187840K
  class space    used 18079K, capacity 19662K, committed 19752K, reserved 1048576K
}
Event: 19594.821 GC heap before
{Heap before GC invocations=315 (full 14):
 PSYoungGen      total 128512K, used 109819K [0x00000000f5580000, 0x00000000ffe00000, 0x0000000100000000)
  eden space 88064K, 99% used [0x00000000f5580000,0x00000000fab7fbc8,0x00000000fab80000)
  from space 40448K, 53% used [0x00000000fab80000,0x00000000fc0bf0e8,0x00000000fd300000)
  to   space 40448K, 0% used [0x00000000fd680000,0x00000000fd680000,0x00000000ffe00000)
 ParOldGen       total 349696K, used 263057K [0x00000000e0000000, 0x00000000f5580000, 0x00000000f5580000)
  object space 349696K, 75% used [0x00000000e0000000,0x00000000f00e45e8,0x00000000f5580000)
 Metaspace       used 149138K, capacity 158797K, committed 159000K, reserved 1187840K
  class space    used 18079K, capacity 19662K, committed 19752K, reserved 1048576K
Event: 19594.830 GC heap after
Heap after GC invocations=315 (full 14):
 PSYoungGen      total 131072K, used 15486K [0x00000000f5580000, 0x00000000ffb00000, 0x0000000100000000)
  eden space 93696K, 0% used [0x00000000f5580000,0x00000000f5580000,0x00000000fb100000)
  from space 37376K, 41% used [0x00000000fd680000,0x00000000fe59fa50,0x00000000ffb00000)
  to   space 37888K, 0% used [0x00000000fb100000,0x00000000fb100000,0x00000000fd600000)
 ParOldGen       total 349696K, used 277987K [0x00000000e0000000, 0x00000000f5580000, 0x00000000f5580000)
  object space 349696K, 79% used [0x00000000e0000000,0x00000000f0f78eb0,0x00000000f5580000)
 Metaspace       used 149138K, capacity 158797K, committed 159000K, reserved 1187840K
  class space    used 18079K, capacity 19662K, committed 19752K, reserved 1048576K
}
Event: 19594.926 GC heap before
{Heap before GC invocations=316 (full 14):
 PSYoungGen      total 131072K, used 109182K [0x00000000f5580000, 0x00000000ffb00000, 0x0000000100000000)
  eden space 93696K, 100% used [0x00000000f5580000,0x00000000fb100000,0x00000000fb100000)
  from space 37376K, 41% used [0x00000000fd680000,0x00000000fe59fa50,0x00000000ffb00000)
  to   space 37888K, 0% used [0x00000000fb100000,0x00000000fb100000,0x00000000fd600000)
 ParOldGen       total 349696K, used 277987K [0x00000000e0000000, 0x00000000f5580000, 0x00000000f5580000)
  object space 349696K, 79% used [0x00000000e0000000,0x00000000f0f78eb0,0x00000000f5580000)
 Metaspace       used 149140K, capacity 158797K, committed 159000K, reserved 1187840K
  class space    used 18079K, capacity 19662K, committed 19752K, reserved 1048576K
Event: 19594.940 GC heap after
Heap after GC invocations=316 (full 14):
 PSYoungGen      total 131584K, used 37874K [0x00000000f5580000, 0x0000000100000000, 0x0000000100000000)
  eden space 93696K, 0% used [0x00000000f5580000,0x00000000f5580000,0x00000000fb100000)
  from space 37888K, 99% used [0x00000000fb100000,0x00000000fd5fca48,0x00000000fd600000)
  to   space 43008K, 0% used [0x00000000fd600000,0x00000000fd600000,0x0000000100000000)
 ParOldGen       total 349696K, used 282131K [0x00000000e0000000, 0x00000000f5580000, 0x00000000f5580000)
  object space 349696K, 80% used [0x00000000e0000000,0x00000000f1384ee8,0x00000000f5580000)
 Metaspace       used 149140K, capacity 158797K, committed 159000K, reserved 1187840K
  class space    used 18079K, capacity 19662K, committed 19752K, reserved 1048576K
}
Event: 19595.130 GC heap before
{Heap before GC invocations=317 (full 14):
 PSYoungGen      total 131584K, used 131570K [0x00000000f5580000, 0x0000000100000000, 0x0000000100000000)
  eden space 93696K, 100% used [0x00000000f5580000,0x00000000fb100000,0x00000000fb100000)
  from space 37888K, 99% used [0x00000000fb100000,0x00000000fd5fca48,0x00000000fd600000)
  to   space 43008K, 0% used [0x00000000fd600000,0x00000000fd600000,0x0000000100000000)
 ParOldGen       total 349696K, used 282131K [0x00000000e0000000, 0x00000000f5580000, 0x00000000f5580000)
  object space 349696K, 80% used [0x00000000e0000000,0x00000000f1384ee8,0x00000000f5580000)
 Metaspace       used 149140K, capacity 158797K, committed 159000K, reserved 1187840K
  class space    used 18079K, capacity 19662K, committed 19752K, reserved 1048576K
Event: 19595.147 GC heap after
Heap after GC invocations=317 (full 14):
 PSYoungGen      total 127488K, used 24003K [0x00000000f5580000, 0x0000000100000000, 0x0000000100000000)
  eden space 84480K, 0% used [0x00000000f5580000,0x00000000f5580000,0x00000000fa800000)
  from space 43008K, 55% used [0x00000000fd600000,0x00000000fed70dd0,0x0000000100000000)
  to   space 45056K, 0% used [0x00000000fa800000,0x00000000fa800000,0x00000000fd400000)
 ParOldGen       total 349696K, used 312956K [0x00000000e0000000, 0x00000000f5580000, 0x00000000f5580000)
  object space 349696K, 89% used [0x00000000e0000000,0x00000000f319f0a8,0x00000000f5580000)
 Metaspace       used 149140K, capacity 158797K, committed 159000K, reserved 1187840K
  class space    used 18079K, capacity 19662K, committed 19752K, reserved 1048576K
}
Event: 23741.237 GC heap before
{Heap before GC invocations=318 (full 14):
 PSYoungGen      total 127488K, used 108483K [0x00000000f5580000, 0x0000000100000000, 0x0000000100000000)
  eden space 84480K, 100% used [0x00000000f5580000,0x00000000fa800000,0x00000000fa800000)
  from space 43008K, 55% used [0x00000000fd600000,0x00000000fed70dd0,0x0000000100000000)
  to   space 45056K, 0% used [0x00000000fa800000,0x00000000fa800000,0x00000000fd400000)
 ParOldGen       total 349696K, used 312956K [0x00000000e0000000, 0x00000000f5580000, 0x00000000f5580000)
  object space 349696K, 89% used [0x00000000e0000000,0x00000000f319f0a8,0x00000000f5580000)
 Metaspace       used 149256K, capacity 158977K, committed 159256K, reserved 1189888K
  class space    used 18096K, capacity 19692K, committed 19752K, reserved 1048576K
Event: 23741.250 GC heap after
Heap after GC invocations=318 (full 14):
 PSYoungGen      total 129536K, used 5346K [0x00000000f5580000, 0x0000000100000000, 0x0000000100000000)
  eden space 84480K, 0% used [0x00000000f5580000,0x00000000f5580000,0x00000000fa800000)
  from space 45056K, 11% used [0x00000000fa800000,0x00000000fad38970,0x00000000fd400000)
  to   space 44544K, 0% used [0x00000000fd480000,0x00000000fd480000,0x0000000100000000)
 ParOldGen       total 349696K, used 318132K [0x00000000e0000000, 0x00000000f5580000, 0x00000000f5580000)
  object space 349696K, 90% used [0x00000000e0000000,0x00000000f36ad0a8,0x00000000f5580000)
 Metaspace       used 149256K, capacity 158977K, committed 159256K, reserved 1189888K
  class space    used 18096K, capacity 19692K, committed 19752K, reserved 1048576K
}
Event: 23741.250 GC heap before
{Heap before GC invocations=319 (full 15):
 PSYoungGen      total 129536K, used 5346K [0x00000000f5580000, 0x0000000100000000, 0x0000000100000000)
  eden space 84480K, 0% used [0x00000000f5580000,0x00000000f5580000,0x00000000fa800000)
  from space 45056K, 11% used [0x00000000fa800000,0x00000000fad38970,0x00000000fd400000)
  to   space 44544K, 0% used [0x00000000fd480000,0x00000000fd480000,0x0000000100000000)
 ParOldGen       total 349696K, used 318132K [0x00000000e0000000, 0x00000000f5580000, 0x00000000f5580000)
  object space 349696K, 90% used [0x00000000e0000000,0x00000000f36ad0a8,0x00000000f5580000)
 Metaspace       used 149256K, capacity 158977K, committed 159256K, reserved 1189888K
  class space    used 18096K, capacity 19692K, committed 19752K, reserved 1048576K

